{"/Users/aneeshgadgil/interview-test/template/src/lib/mockData.ts": {"path":"/Users/aneeshgadgil/interview-test/template/src/lib/mockData.ts","all":false,"statementMap":{"0":{"start":{"line":1,"column":0},"end":{"line":1,"column":20}},"1":{"start":{"line":2,"column":0},"end":{"line":2,"column":24}},"2":{"start":{"line":3,"column":0},"end":{"line":3,"column":40}},"3":{"start":{"line":4,"column":0},"end":{"line":4,"column":0}},"4":{"start":{"line":5,"column":0},"end":{"line":5,"column":17}},"5":{"start":{"line":6,"column":0},"end":{"line":6,"column":53}},"6":{"start":{"line":7,"column":0},"end":{"line":7,"column":67}},"7":{"start":{"line":8,"column":0},"end":{"line":8,"column":38}},"8":{"start":{"line":9,"column":0},"end":{"line":9,"column":2}},"9":{"start":{"line":10,"column":0},"end":{"line":10,"column":38}},"10":{"start":{"line":11,"column":0},"end":{"line":11,"column":41}},"11":{"start":{"line":12,"column":0},"end":{"line":12,"column":35}},"12":{"start":{"line":13,"column":0},"end":{"line":13,"column":42}},"13":{"start":{"line":14,"column":0},"end":{"line":14,"column":4}},"14":{"start":{"line":15,"column":0},"end":{"line":15,"column":40}},"15":{"start":{"line":16,"column":0},"end":{"line":16,"column":48}},"16":{"start":{"line":17,"column":0},"end":{"line":17,"column":6}},"17":{"start":{"line":18,"column":0},"end":{"line":18,"column":22}},"18":{"start":{"line":19,"column":0},"end":{"line":19,"column":62}},"19":{"start":{"line":20,"column":0},"end":{"line":20,"column":70}},"20":{"start":{"line":21,"column":0},"end":{"line":21,"column":50}},"21":{"start":{"line":22,"column":0},"end":{"line":22,"column":7}},"22":{"start":{"line":23,"column":0},"end":{"line":23,"column":6}},"23":{"start":{"line":24,"column":0},"end":{"line":24,"column":23}},"24":{"start":{"line":25,"column":0},"end":{"line":25,"column":45}},"25":{"start":{"line":26,"column":0},"end":{"line":26,"column":57}},"26":{"start":{"line":27,"column":0},"end":{"line":27,"column":7}},"27":{"start":{"line":28,"column":0},"end":{"line":28,"column":6}},"28":{"start":{"line":29,"column":0},"end":{"line":29,"column":25}},"29":{"start":{"line":30,"column":0},"end":{"line":30,"column":35}},"30":{"start":{"line":31,"column":0},"end":{"line":31,"column":36}},"31":{"start":{"line":32,"column":0},"end":{"line":32,"column":15}},"32":{"start":{"line":33,"column":0},"end":{"line":33,"column":38}},"33":{"start":{"line":34,"column":0},"end":{"line":34,"column":27}},"34":{"start":{"line":35,"column":0},"end":{"line":35,"column":155}},"35":{"start":{"line":36,"column":0},"end":{"line":36,"column":25}},"36":{"start":{"line":37,"column":0},"end":{"line":37,"column":11}},"37":{"start":{"line":38,"column":0},"end":{"line":38,"column":16}},"38":{"start":{"line":39,"column":0},"end":{"line":39,"column":23}},"39":{"start":{"line":40,"column":0},"end":{"line":40,"column":9}},"40":{"start":{"line":41,"column":0},"end":{"line":41,"column":7}},"41":{"start":{"line":42,"column":0},"end":{"line":42,"column":6}},"42":{"start":{"line":43,"column":0},"end":{"line":43,"column":28}},"43":{"start":{"line":44,"column":0},"end":{"line":44,"column":7}},"44":{"start":{"line":45,"column":0},"end":{"line":45,"column":4}},"45":{"start":{"line":46,"column":0},"end":{"line":46,"column":29}},"46":{"start":{"line":47,"column":0},"end":{"line":47,"column":70}},"47":{"start":{"line":48,"column":0},"end":{"line":48,"column":55}},"48":{"start":{"line":49,"column":0},"end":{"line":49,"column":4}},"49":{"start":{"line":50,"column":0},"end":{"line":50,"column":31}},"50":{"start":{"line":51,"column":0},"end":{"line":51,"column":5}},"51":{"start":{"line":52,"column":0},"end":{"line":52,"column":1}},"52":{"start":{"line":53,"column":0},"end":{"line":53,"column":0}},"53":{"start":{"line":54,"column":0},"end":{"line":54,"column":57}},"54":{"start":{"line":55,"column":0},"end":{"line":55,"column":85}},"55":{"start":{"line":56,"column":0},"end":{"line":56,"column":53}},"56":{"start":{"line":57,"column":0},"end":{"line":57,"column":0}},"57":{"start":{"line":58,"column":0},"end":{"line":58,"column":0}},"58":{"start":{"line":59,"column":0},"end":{"line":59,"column":28}},"59":{"start":{"line":60,"column":0},"end":{"line":60,"column":53}}},"s":{"0":1,"1":1,"2":1,"3":1,"4":1,"5":1,"6":1,"7":1,"8":1,"9":1,"10":1,"11":20,"12":20,"13":20,"14":20,"15":160,"16":160,"17":160,"18":160,"19":40,"20":40,"21":40,"22":120,"23":120,"24":160,"25":20,"26":20,"27":120,"28":120,"29":160,"30":20,"31":17,"32":17,"33":17,"34":17,"35":17,"36":17,"37":20,"38":3,"39":3,"40":20,"41":120,"42":120,"43":20,"44":20,"45":20,"46":20,"47":20,"48":20,"49":20,"50":1,"51":1,"52":1,"53":1,"54":1,"55":1,"56":1,"57":1,"58":1,"59":1},"branchMap":{"0":{"type":"branch","line":6,"loc":{"start":{"line":6,"column":0},"end":{"line":52,"column":1}},"locations":[{"start":{"line":6,"column":0},"end":{"line":52,"column":1}}]},"1":{"type":"branch","line":7,"loc":{"start":{"line":7,"column":46},"end":{"line":7,"column":65}},"locations":[{"start":{"line":7,"column":46},"end":{"line":7,"column":65}}]},"2":{"type":"branch","line":11,"loc":{"start":{"line":11,"column":32},"end":{"line":51,"column":3}},"locations":[{"start":{"line":11,"column":32},"end":{"line":51,"column":3}}]},"3":{"type":"branch","line":15,"loc":{"start":{"line":15,"column":20},"end":{"line":44,"column":5}},"locations":[{"start":{"line":15,"column":20},"end":{"line":44,"column":5}}]},"4":{"type":"branch","line":16,"loc":{"start":{"line":16,"column":38},"end":{"line":16,"column":48}},"locations":[{"start":{"line":16,"column":38},"end":{"line":16,"column":48}}]},"5":{"type":"branch","line":19,"loc":{"start":{"line":19,"column":21},"end":{"line":19,"column":61}},"locations":[{"start":{"line":19,"column":21},"end":{"line":19,"column":61}}]},"6":{"type":"branch","line":19,"loc":{"start":{"line":19,"column":61},"end":{"line":22,"column":7}},"locations":[{"start":{"line":19,"column":61},"end":{"line":22,"column":7}}]},"7":{"type":"branch","line":20,"loc":{"start":{"line":20,"column":63},"end":{"line":20,"column":70}},"locations":[{"start":{"line":20,"column":63},"end":{"line":20,"column":70}}]},"8":{"type":"branch","line":22,"loc":{"start":{"line":22,"column":6},"end":{"line":25,"column":44}},"locations":[{"start":{"line":22,"column":6},"end":{"line":25,"column":44}}]},"9":{"type":"branch","line":25,"loc":{"start":{"line":25,"column":44},"end":{"line":27,"column":7}},"locations":[{"start":{"line":25,"column":44},"end":{"line":27,"column":7}}]},"10":{"type":"branch","line":26,"loc":{"start":{"line":26,"column":16},"end":{"line":26,"column":52}},"locations":[{"start":{"line":26,"column":16},"end":{"line":26,"column":52}}]},"11":{"type":"branch","line":26,"loc":{"start":{"line":26,"column":48},"end":{"line":26,"column":57}},"locations":[{"start":{"line":26,"column":48},"end":{"line":26,"column":57}}]},"12":{"type":"branch","line":27,"loc":{"start":{"line":27,"column":6},"end":{"line":30,"column":34}},"locations":[{"start":{"line":27,"column":6},"end":{"line":30,"column":34}}]},"13":{"type":"branch","line":30,"loc":{"start":{"line":30,"column":34},"end":{"line":41,"column":7}},"locations":[{"start":{"line":30,"column":34},"end":{"line":41,"column":7}}]},"14":{"type":"branch","line":31,"loc":{"start":{"line":31,"column":12},"end":{"line":31,"column":35}},"locations":[{"start":{"line":31,"column":12},"end":{"line":31,"column":35}}]},"15":{"type":"branch","line":31,"loc":{"start":{"line":31,"column":35},"end":{"line":38,"column":15}},"locations":[{"start":{"line":31,"column":35},"end":{"line":38,"column":15}}]},"16":{"type":"branch","line":35,"loc":{"start":{"line":35,"column":128},"end":{"line":35,"column":151}},"locations":[{"start":{"line":35,"column":128},"end":{"line":35,"column":151}}]},"17":{"type":"branch","line":38,"loc":{"start":{"line":38,"column":8},"end":{"line":40,"column":9}},"locations":[{"start":{"line":38,"column":8},"end":{"line":40,"column":9}}]},"18":{"type":"branch","line":41,"loc":{"start":{"line":41,"column":6},"end":{"line":43,"column":28}},"locations":[{"start":{"line":41,"column":6},"end":{"line":43,"column":28}}]}},"b":{"0":[1],"1":[202],"2":[20],"3":[160],"4":[36],"5":[140],"6":[40],"7":[0],"8":[120],"9":[20],"10":[5],"11":[15],"12":[120],"13":[20],"14":[17],"15":[17],"16":[0],"17":[3],"18":[120]},"fnMap":{"0":{"name":"parseCSV","decl":{"start":{"line":6,"column":0},"end":{"line":52,"column":1}},"loc":{"start":{"line":6,"column":0},"end":{"line":52,"column":1}},"line":6}},"f":{"0":1}}
,"/Users/aneeshgadgil/interview-test/template/src/lib/openai.ts": {"path":"/Users/aneeshgadgil/interview-test/template/src/lib/openai.ts","all":true,"statementMap":{"0":{"start":{"line":1,"column":0},"end":{"line":1,"column":2}},"1":{"start":{"line":2,"column":0},"end":{"line":2,"column":12}},"2":{"start":{"line":3,"column":0},"end":{"line":3,"column":13}},"3":{"start":{"line":4,"column":0},"end":{"line":4,"column":49}},"4":{"start":{"line":5,"column":0},"end":{"line":5,"column":87}},"5":{"start":{"line":6,"column":0},"end":{"line":6,"column":65}},"6":{"start":{"line":7,"column":0},"end":{"line":7,"column":3}},"7":{"start":{"line":8,"column":0},"end":{"line":8,"column":0}},"8":{"start":{"line":9,"column":0},"end":{"line":9,"column":66}},"9":{"start":{"line":10,"column":0},"end":{"line":10,"column":23}},"10":{"start":{"line":11,"column":0},"end":{"line":11,"column":60}},"11":{"start":{"line":12,"column":0},"end":{"line":12,"column":0}},"12":{"start":{"line":13,"column":0},"end":{"line":13,"column":15}},"13":{"start":{"line":14,"column":0},"end":{"line":14,"column":5}},"14":{"start":{"line":15,"column":0},"end":{"line":15,"column":98}},"15":{"start":{"line":16,"column":0},"end":{"line":16,"column":43}},"16":{"start":{"line":17,"column":0},"end":{"line":17,"column":9}},"17":{"start":{"line":18,"column":0},"end":{"line":18,"column":48}},"18":{"start":{"line":19,"column":0},"end":{"line":19,"column":1}},"19":{"start":{"line":20,"column":0},"end":{"line":20,"column":0}},"20":{"start":{"line":21,"column":0},"end":{"line":21,"column":47}},"21":{"start":{"line":22,"column":0},"end":{"line":22,"column":0}},"22":{"start":{"line":23,"column":0},"end":{"line":23,"column":36}},"23":{"start":{"line":24,"column":0},"end":{"line":24,"column":34}},"24":{"start":{"line":25,"column":0},"end":{"line":25,"column":1}},"25":{"start":{"line":26,"column":0},"end":{"line":26,"column":0}},"26":{"start":{"line":27,"column":0},"end":{"line":27,"column":3}},"27":{"start":{"line":28,"column":0},"end":{"line":28,"column":37}},"28":{"start":{"line":29,"column":0},"end":{"line":29,"column":64}},"29":{"start":{"line":30,"column":0},"end":{"line":30,"column":82}},"30":{"start":{"line":31,"column":0},"end":{"line":31,"column":3}},"31":{"start":{"line":32,"column":0},"end":{"line":32,"column":62}},"32":{"start":{"line":33,"column":0},"end":{"line":33,"column":27}},"33":{"start":{"line":34,"column":0},"end":{"line":34,"column":41}},"34":{"start":{"line":35,"column":0},"end":{"line":35,"column":48}},"35":{"start":{"line":36,"column":0},"end":{"line":36,"column":38}},"36":{"start":{"line":37,"column":0},"end":{"line":37,"column":18}},"37":{"start":{"line":38,"column":0},"end":{"line":38,"column":6}},"38":{"start":{"line":39,"column":0},"end":{"line":39,"column":43}},"39":{"start":{"line":40,"column":0},"end":{"line":40,"column":44}},"40":{"start":{"line":41,"column":0},"end":{"line":41,"column":3}},"41":{"start":{"line":42,"column":0},"end":{"line":42,"column":68}},"42":{"start":{"line":43,"column":0},"end":{"line":43,"column":44}},"43":{"start":{"line":44,"column":0},"end":{"line":44,"column":57}},"44":{"start":{"line":45,"column":0},"end":{"line":45,"column":3}},"45":{"start":{"line":46,"column":0},"end":{"line":46,"column":1}}},"s":{"0":0,"1":0,"2":0,"3":0,"4":0,"5":0,"6":0,"7":0,"8":0,"9":0,"10":0,"11":0,"12":0,"13":0,"14":0,"15":0,"16":0,"17":0,"18":0,"19":0,"20":0,"21":0,"22":0,"23":0,"24":0,"25":0,"26":0,"27":0,"28":0,"29":0,"30":0,"31":0,"32":0,"33":0,"34":0,"35":0,"36":0,"37":0,"38":0,"39":0,"40":0,"41":0,"42":0,"43":0,"44":0,"45":0},"branchMap":{"0":{"type":"branch","line":1,"loc":{"start":{"line":1,"column":1454},"end":{"line":46,"column":1}},"locations":[{"start":{"line":1,"column":1454},"end":{"line":46,"column":1}}]}},"b":{"0":[0]},"fnMap":{"0":{"name":"(empty-report)","decl":{"start":{"line":1,"column":1454},"end":{"line":46,"column":1}},"loc":{"start":{"line":1,"column":1454},"end":{"line":46,"column":1}},"line":1}},"f":{"0":0}}
,"/Users/aneeshgadgil/interview-test/template/src/lib/sampleFunction.ts": {"path":"/Users/aneeshgadgil/interview-test/template/src/lib/sampleFunction.ts","all":false,"statementMap":{"0":{"start":{"line":1,"column":0},"end":{"line":1,"column":56}},"1":{"start":{"line":2,"column":0},"end":{"line":2,"column":0}},"2":{"start":{"line":3,"column":0},"end":{"line":3,"column":3}},"3":{"start":{"line":4,"column":0},"end":{"line":4,"column":17}},"4":{"start":{"line":5,"column":0},"end":{"line":5,"column":17}},"5":{"start":{"line":6,"column":0},"end":{"line":6,"column":53}},"6":{"start":{"line":7,"column":0},"end":{"line":7,"column":76}},"7":{"start":{"line":8,"column":0},"end":{"line":8,"column":3}},"8":{"start":{"line":9,"column":0},"end":{"line":9,"column":72}},"9":{"start":{"line":10,"column":0},"end":{"line":10,"column":51}},"10":{"start":{"line":11,"column":0},"end":{"line":11,"column":22}},"11":{"start":{"line":12,"column":0},"end":{"line":12,"column":22}},"12":{"start":{"line":13,"column":0},"end":{"line":13,"column":19}},"13":{"start":{"line":14,"column":0},"end":{"line":14,"column":21}},"14":{"start":{"line":15,"column":0},"end":{"line":15,"column":28}},"15":{"start":{"line":16,"column":0},"end":{"line":16,"column":24}},"16":{"start":{"line":17,"column":0},"end":{"line":17,"column":17}},"17":{"start":{"line":18,"column":0},"end":{"line":18,"column":29}},"18":{"start":{"line":19,"column":0},"end":{"line":19,"column":25}},"19":{"start":{"line":20,"column":0},"end":{"line":20,"column":10}},"20":{"start":{"line":21,"column":0},"end":{"line":21,"column":0}},"21":{"start":{"line":22,"column":0},"end":{"line":22,"column":23}},"22":{"start":{"line":23,"column":0},"end":{"line":23,"column":28}},"23":{"start":{"line":24,"column":0},"end":{"line":24,"column":28}},"24":{"start":{"line":25,"column":0},"end":{"line":25,"column":36}},"25":{"start":{"line":26,"column":0},"end":{"line":26,"column":58}},"26":{"start":{"line":27,"column":0},"end":{"line":27,"column":5}},"27":{"start":{"line":28,"column":0},"end":{"line":28,"column":4}},"28":{"start":{"line":29,"column":0},"end":{"line":29,"column":33}},"29":{"start":{"line":30,"column":0},"end":{"line":30,"column":49}},"30":{"start":{"line":31,"column":0},"end":{"line":31,"column":4}},"31":{"start":{"line":32,"column":0},"end":{"line":32,"column":32}},"32":{"start":{"line":33,"column":0},"end":{"line":33,"column":91}},"33":{"start":{"line":34,"column":0},"end":{"line":34,"column":127}},"34":{"start":{"line":35,"column":0},"end":{"line":35,"column":93}},"35":{"start":{"line":36,"column":0},"end":{"line":36,"column":4}},"36":{"start":{"line":37,"column":0},"end":{"line":37,"column":60}},"37":{"start":{"line":38,"column":0},"end":{"line":38,"column":29}},"38":{"start":{"line":39,"column":0},"end":{"line":39,"column":42}},"39":{"start":{"line":40,"column":0},"end":{"line":40,"column":6}},"40":{"start":{"line":41,"column":0},"end":{"line":41,"column":44}},"41":{"start":{"line":42,"column":0},"end":{"line":42,"column":25}},"42":{"start":{"line":43,"column":0},"end":{"line":43,"column":65}},"43":{"start":{"line":44,"column":0},"end":{"line":44,"column":31}},"44":{"start":{"line":45,"column":0},"end":{"line":45,"column":57}},"45":{"start":{"line":46,"column":0},"end":{"line":46,"column":29}},"46":{"start":{"line":47,"column":0},"end":{"line":47,"column":7}},"47":{"start":{"line":48,"column":0},"end":{"line":48,"column":6}},"48":{"start":{"line":49,"column":0},"end":{"line":49,"column":27}},"49":{"start":{"line":50,"column":0},"end":{"line":50,"column":31}},"50":{"start":{"line":51,"column":0},"end":{"line":51,"column":55}},"51":{"start":{"line":52,"column":0},"end":{"line":52,"column":28}},"52":{"start":{"line":53,"column":0},"end":{"line":53,"column":8}},"53":{"start":{"line":54,"column":0},"end":{"line":54,"column":55}},"54":{"start":{"line":55,"column":0},"end":{"line":55,"column":30}},"55":{"start":{"line":56,"column":0},"end":{"line":56,"column":58}},"56":{"start":{"line":57,"column":0},"end":{"line":57,"column":26}},"57":{"start":{"line":58,"column":0},"end":{"line":58,"column":60}},"58":{"start":{"line":59,"column":0},"end":{"line":59,"column":30}},"59":{"start":{"line":60,"column":0},"end":{"line":60,"column":7}},"60":{"start":{"line":61,"column":0},"end":{"line":61,"column":6}},"61":{"start":{"line":62,"column":0},"end":{"line":62,"column":36}},"62":{"start":{"line":63,"column":0},"end":{"line":63,"column":41}},"63":{"start":{"line":64,"column":0},"end":{"line":64,"column":35}},"64":{"start":{"line":65,"column":0},"end":{"line":65,"column":30}},"65":{"start":{"line":66,"column":0},"end":{"line":66,"column":43}},"66":{"start":{"line":67,"column":0},"end":{"line":67,"column":31}},"67":{"start":{"line":68,"column":0},"end":{"line":68,"column":46}},"68":{"start":{"line":69,"column":0},"end":{"line":69,"column":34}},"69":{"start":{"line":70,"column":0},"end":{"line":70,"column":7}},"70":{"start":{"line":71,"column":0},"end":{"line":71,"column":6}},"71":{"start":{"line":72,"column":0},"end":{"line":72,"column":30}},"72":{"start":{"line":73,"column":0},"end":{"line":73,"column":69}},"73":{"start":{"line":74,"column":0},"end":{"line":74,"column":6}},"74":{"start":{"line":75,"column":0},"end":{"line":75,"column":21}},"75":{"start":{"line":76,"column":0},"end":{"line":76,"column":27}},"76":{"start":{"line":77,"column":0},"end":{"line":77,"column":43}},"77":{"start":{"line":78,"column":0},"end":{"line":78,"column":42}},"78":{"start":{"line":79,"column":0},"end":{"line":79,"column":28}},"79":{"start":{"line":80,"column":0},"end":{"line":80,"column":50}},"80":{"start":{"line":81,"column":0},"end":{"line":81,"column":28}},"81":{"start":{"line":82,"column":0},"end":{"line":82,"column":9}},"82":{"start":{"line":83,"column":0},"end":{"line":83,"column":7}},"83":{"start":{"line":84,"column":0},"end":{"line":84,"column":6}},"84":{"start":{"line":85,"column":0},"end":{"line":85,"column":35}},"85":{"start":{"line":86,"column":0},"end":{"line":86,"column":39}},"86":{"start":{"line":87,"column":0},"end":{"line":87,"column":61}},"87":{"start":{"line":88,"column":0},"end":{"line":88,"column":38}},"88":{"start":{"line":89,"column":0},"end":{"line":89,"column":60}},"89":{"start":{"line":90,"column":0},"end":{"line":90,"column":40}},"90":{"start":{"line":91,"column":0},"end":{"line":91,"column":7}},"91":{"start":{"line":92,"column":0},"end":{"line":92,"column":6}},"92":{"start":{"line":93,"column":0},"end":{"line":93,"column":31}},"93":{"start":{"line":94,"column":0},"end":{"line":94,"column":34}},"94":{"start":{"line":95,"column":0},"end":{"line":95,"column":58}},"95":{"start":{"line":96,"column":0},"end":{"line":96,"column":30}},"96":{"start":{"line":97,"column":0},"end":{"line":97,"column":59}},"97":{"start":{"line":98,"column":0},"end":{"line":98,"column":29}},"98":{"start":{"line":99,"column":0},"end":{"line":99,"column":7}},"99":{"start":{"line":100,"column":0},"end":{"line":100,"column":6}},"100":{"start":{"line":101,"column":0},"end":{"line":101,"column":18}},"101":{"start":{"line":102,"column":0},"end":{"line":102,"column":18}},"102":{"start":{"line":103,"column":0},"end":{"line":103,"column":15}},"103":{"start":{"line":104,"column":0},"end":{"line":104,"column":17}},"104":{"start":{"line":105,"column":0},"end":{"line":105,"column":17}},"105":{"start":{"line":106,"column":0},"end":{"line":106,"column":20}},"106":{"start":{"line":107,"column":0},"end":{"line":107,"column":13}},"107":{"start":{"line":108,"column":0},"end":{"line":108,"column":25}},"108":{"start":{"line":109,"column":0},"end":{"line":109,"column":20}},"109":{"start":{"line":110,"column":0},"end":{"line":110,"column":9}},"110":{"start":{"line":111,"column":0},"end":{"line":111,"column":5}},"111":{"start":{"line":112,"column":0},"end":{"line":112,"column":3}},"112":{"start":{"line":113,"column":0},"end":{"line":113,"column":0}},"113":{"start":{"line":114,"column":0},"end":{"line":114,"column":10}},"114":{"start":{"line":115,"column":0},"end":{"line":115,"column":91}},"115":{"start":{"line":116,"column":0},"end":{"line":116,"column":19}},"116":{"start":{"line":117,"column":0},"end":{"line":117,"column":9}},"117":{"start":{"line":118,"column":0},"end":{"line":118,"column":3}},"118":{"start":{"line":119,"column":0},"end":{"line":119,"column":1}},"119":{"start":{"line":120,"column":0},"end":{"line":120,"column":0}},"120":{"start":{"line":121,"column":0},"end":{"line":121,"column":29}}},"s":{"0":1,"1":1,"2":1,"3":1,"4":1,"5":1,"6":1,"7":1,"8":1,"9":27,"10":27,"11":27,"12":27,"13":27,"14":27,"15":27,"16":27,"17":27,"18":27,"19":27,"20":27,"21":27,"22":27,"23":161,"24":161,"25":166,"26":166,"27":161,"28":161,"29":161,"30":161,"31":161,"32":161,"33":161,"34":161,"35":161,"36":161,"37":38,"38":38,"39":38,"40":38,"41":38,"42":38,"43":1,"44":38,"45":1,"46":1,"47":38,"48":38,"49":38,"50":38,"51":1,"52":1,"53":37,"54":2,"55":37,"56":1,"57":35,"58":1,"59":1,"60":38,"61":38,"62":38,"63":38,"64":1,"65":38,"66":1,"67":37,"68":1,"69":1,"70":38,"71":38,"72":38,"73":38,"74":38,"75":38,"76":38,"77":9,"78":1,"79":9,"80":1,"81":1,"82":9,"83":38,"84":38,"85":38,"86":38,"87":1,"88":38,"89":1,"90":1,"91":38,"92":38,"93":38,"94":38,"95":1,"96":38,"97":1,"98":1,"99":38,"100":38,"101":38,"102":38,"103":38,"104":38,"105":38,"106":38,"107":38,"108":38,"109":38,"110":38,"111":161,"112":27,"113":27,"114":27,"115":27,"116":27,"117":27,"118":27,"119":1,"120":1},"branchMap":{"0":{"type":"branch","line":9,"loc":{"start":{"line":9,"column":7},"end":{"line":119,"column":1}},"locations":[{"start":{"line":9,"column":7},"end":{"line":119,"column":1}}]},"1":{"type":"branch","line":23,"loc":{"start":{"line":23,"column":27},"end":{"line":112,"column":3}},"locations":[{"start":{"line":23,"column":27},"end":{"line":112,"column":3}}]},"2":{"type":"branch","line":25,"loc":{"start":{"line":25,"column":35},"end":{"line":27,"column":5}},"locations":[{"start":{"line":25,"column":35},"end":{"line":27,"column":5}}]},"3":{"type":"branch","line":26,"loc":{"start":{"line":26,"column":47},"end":{"line":26,"column":57}},"locations":[{"start":{"line":26,"column":47},"end":{"line":26,"column":57}}]},"4":{"type":"branch","line":37,"loc":{"start":{"line":37,"column":8},"end":{"line":37,"column":42}},"locations":[{"start":{"line":37,"column":8},"end":{"line":37,"column":42}}]},"5":{"type":"branch","line":37,"loc":{"start":{"line":37,"column":24},"end":{"line":37,"column":59}},"locations":[{"start":{"line":37,"column":24},"end":{"line":37,"column":59}}]},"6":{"type":"branch","line":37,"loc":{"start":{"line":37,"column":59},"end":{"line":111,"column":5}},"locations":[{"start":{"line":37,"column":59},"end":{"line":111,"column":5}}]},"7":{"type":"branch","line":43,"loc":{"start":{"line":43,"column":64},"end":{"line":45,"column":17}},"locations":[{"start":{"line":43,"column":64},"end":{"line":45,"column":17}}]},"8":{"type":"branch","line":45,"loc":{"start":{"line":45,"column":6},"end":{"line":47,"column":7}},"locations":[{"start":{"line":45,"column":6},"end":{"line":47,"column":7}}]},"9":{"type":"branch","line":45,"loc":{"start":{"line":45,"column":56},"end":{"line":47,"column":7}},"locations":[{"start":{"line":45,"column":56},"end":{"line":47,"column":7}}]},"10":{"type":"branch","line":51,"loc":{"start":{"line":51,"column":54},"end":{"line":53,"column":8}},"locations":[{"start":{"line":51,"column":54},"end":{"line":53,"column":8}}]},"11":{"type":"branch","line":53,"loc":{"start":{"line":53,"column":6},"end":{"line":60,"column":7}},"locations":[{"start":{"line":53,"column":6},"end":{"line":60,"column":7}}]},"12":{"type":"branch","line":54,"loc":{"start":{"line":54,"column":54},"end":{"line":56,"column":17}},"locations":[{"start":{"line":54,"column":54},"end":{"line":56,"column":17}}]},"13":{"type":"branch","line":56,"loc":{"start":{"line":56,"column":6},"end":{"line":60,"column":7}},"locations":[{"start":{"line":56,"column":6},"end":{"line":60,"column":7}}]},"14":{"type":"branch","line":56,"loc":{"start":{"line":56,"column":57},"end":{"line":58,"column":17}},"locations":[{"start":{"line":56,"column":57},"end":{"line":58,"column":17}}]},"15":{"type":"branch","line":58,"loc":{"start":{"line":58,"column":6},"end":{"line":60,"column":7}},"locations":[{"start":{"line":58,"column":6},"end":{"line":60,"column":7}}]},"16":{"type":"branch","line":58,"loc":{"start":{"line":58,"column":59},"end":{"line":60,"column":7}},"locations":[{"start":{"line":58,"column":59},"end":{"line":60,"column":7}}]},"17":{"type":"branch","line":64,"loc":{"start":{"line":64,"column":34},"end":{"line":66,"column":17}},"locations":[{"start":{"line":64,"column":34},"end":{"line":66,"column":17}}]},"18":{"type":"branch","line":66,"loc":{"start":{"line":66,"column":6},"end":{"line":70,"column":7}},"locations":[{"start":{"line":66,"column":6},"end":{"line":70,"column":7}}]},"19":{"type":"branch","line":66,"loc":{"start":{"line":66,"column":42},"end":{"line":68,"column":17}},"locations":[{"start":{"line":66,"column":42},"end":{"line":68,"column":17}}]},"20":{"type":"branch","line":68,"loc":{"start":{"line":68,"column":6},"end":{"line":70,"column":7}},"locations":[{"start":{"line":68,"column":6},"end":{"line":70,"column":7}}]},"21":{"type":"branch","line":68,"loc":{"start":{"line":68,"column":45},"end":{"line":70,"column":7}},"locations":[{"start":{"line":68,"column":45},"end":{"line":70,"column":7}}]},"22":{"type":"branch","line":73,"loc":{"start":{"line":73,"column":26},"end":{"line":73,"column":59}},"locations":[{"start":{"line":73,"column":26},"end":{"line":73,"column":59}}]},"23":{"type":"branch","line":73,"loc":{"start":{"line":73,"column":43},"end":{"line":73,"column":69}},"locations":[{"start":{"line":73,"column":43},"end":{"line":73,"column":69}}]},"24":{"type":"branch","line":77,"loc":{"start":{"line":77,"column":42},"end":{"line":83,"column":7}},"locations":[{"start":{"line":77,"column":42},"end":{"line":83,"column":7}}]},"25":{"type":"branch","line":78,"loc":{"start":{"line":78,"column":41},"end":{"line":80,"column":19}},"locations":[{"start":{"line":78,"column":41},"end":{"line":80,"column":19}}]},"26":{"type":"branch","line":80,"loc":{"start":{"line":80,"column":8},"end":{"line":82,"column":9}},"locations":[{"start":{"line":80,"column":8},"end":{"line":82,"column":9}}]},"27":{"type":"branch","line":80,"loc":{"start":{"line":80,"column":49},"end":{"line":82,"column":9}},"locations":[{"start":{"line":80,"column":49},"end":{"line":82,"column":9}}]},"28":{"type":"branch","line":87,"loc":{"start":{"line":87,"column":60},"end":{"line":89,"column":17}},"locations":[{"start":{"line":87,"column":60},"end":{"line":89,"column":17}}]},"29":{"type":"branch","line":89,"loc":{"start":{"line":89,"column":6},"end":{"line":91,"column":7}},"locations":[{"start":{"line":89,"column":6},"end":{"line":91,"column":7}}]},"30":{"type":"branch","line":89,"loc":{"start":{"line":89,"column":59},"end":{"line":91,"column":7}},"locations":[{"start":{"line":89,"column":59},"end":{"line":91,"column":7}}]},"31":{"type":"branch","line":95,"loc":{"start":{"line":95,"column":57},"end":{"line":97,"column":17}},"locations":[{"start":{"line":95,"column":57},"end":{"line":97,"column":17}}]},"32":{"type":"branch","line":97,"loc":{"start":{"line":97,"column":6},"end":{"line":99,"column":7}},"locations":[{"start":{"line":97,"column":6},"end":{"line":99,"column":7}}]},"33":{"type":"branch","line":97,"loc":{"start":{"line":97,"column":58},"end":{"line":99,"column":7}},"locations":[{"start":{"line":97,"column":58},"end":{"line":99,"column":7}}]}},"b":{"0":[27],"1":[161],"2":[166],"3":[164],"4":[139],"5":[137],"6":[38],"7":[1],"8":[37],"9":[1],"10":[1],"11":[37],"12":[2],"13":[35],"14":[1],"15":[34],"16":[1],"17":[1],"18":[37],"19":[1],"20":[36],"21":[1],"22":[2],"23":[36],"24":[9],"25":[1],"26":[8],"27":[1],"28":[1],"29":[37],"30":[1],"31":[1],"32":[37],"33":[1]},"fnMap":{"0":{"name":"processEntries","decl":{"start":{"line":9,"column":7},"end":{"line":119,"column":1}},"loc":{"start":{"line":9,"column":7},"end":{"line":119,"column":1}},"line":9}},"f":{"0":27}}
}
